<?xml version="1.0" encoding="UTF-8"?>
<testng-results skipped="0" failed="1" ignored="0" total="1" passed="0">
  <reporter-output>
  </reporter-output>
  <suite name="Default suite" duration-ms="15316" started-at="2017-11-30T11:30:40Z" finished-at="2017-11-30T11:30:56Z">
    <groups>
    </groups>
    <test name="Default test" duration-ms="15316" started-at="2017-11-30T11:30:40Z" finished-at="2017-11-30T11:30:56Z">
      <class name="actions.Actions_spicejetTest">
        <test-method status="PASS" signature="browser()[pri:0, instance:actions.Actions_spicejetTest@1bce4f0a]" name="browser" is-config="true" duration-ms="13240" started-at="2017-11-30T17:00:40Z" finished-at="2017-11-30T17:00:54Z">
          <reporter-output>
          </reporter-output>
        </test-method> <!-- browser -->
        <test-method status="FAIL" signature="action()[pri:0, instance:actions.Actions_spicejetTest@1bce4f0a]" name="action" duration-ms="2042" started-at="2017-11-30T17:00:54Z" finished-at="2017-11-30T17:00:56Z">
          <exception class="java.lang.AssertionError">
            <message>
              <![CDATA[expected [SpiceJet - Flight Booking for Domestic and International, Cheap Air Tickets] but found [SpiceJett - Flight Booking for Domestic and International, Cheap Air Tickets]]]>
            </message>
            <full-stacktrace>
              <![CDATA[java.lang.AssertionError: expected [SpiceJet - Flight Booking for Domestic and International, Cheap Air Tickets] but found [SpiceJett - Flight Booking for Domestic and International, Cheap Air Tickets]
	at org.testng.Assert.fail(Assert.java:93)
	at org.testng.Assert.failNotEquals(Assert.java:512)
	at org.testng.Assert.assertEqualsImpl(Assert.java:134)
	at org.testng.Assert.assertEquals(Assert.java:115)
	at org.testng.Assert.assertEquals(Assert.java:189)
	at org.testng.Assert.assertEquals(Assert.java:199)
	at actions.Actions_spicejetTest.action(Actions_spicejetTest.java:26)
	at sun.reflect.NativeMethodAccessorImpl.invoke0(Native Method)
	at sun.reflect.NativeMethodAccessorImpl.invoke(Unknown Source)
	at sun.reflect.DelegatingMethodAccessorImpl.invoke(Unknown Source)
	at java.lang.reflect.Method.invoke(Unknown Source)
	at org.testng.internal.MethodInvocationHelper.invokeMethod(MethodInvocationHelper.java:108)
	at org.testng.internal.Invoker.invokeMethod(Invoker.java:661)
	at org.testng.internal.Invoker.invokeTestMethod(Invoker.java:869)
	at org.testng.internal.Invoker.invokeTestMethods(Invoker.java:1193)
	at org.testng.internal.TestMethodWorker.invokeTestMethods(TestMethodWorker.java:126)
	at org.testng.internal.TestMethodWorker.run(TestMethodWorker.java:109)
	at org.testng.TestRunner.privateRun(TestRunner.java:744)
	at org.testng.TestRunner.run(TestRunner.java:602)
	at org.testng.SuiteRunner.runTest(SuiteRunner.java:380)
	at org.testng.SuiteRunner.runSequentially(SuiteRunner.java:375)
	at org.testng.SuiteRunner.privateRun(SuiteRunner.java:340)
	at org.testng.SuiteRunner.run(SuiteRunner.java:289)
	at org.testng.SuiteRunnerWorker.runSuite(SuiteRunnerWorker.java:52)
	at org.testng.SuiteRunnerWorker.run(SuiteRunnerWorker.java:86)
	at org.testng.TestNG.runSuitesSequentially(TestNG.java:1301)
	at org.testng.TestNG.runSuitesLocally(TestNG.java:1226)
	at org.testng.TestNG.runSuites(TestNG.java:1144)
	at org.testng.TestNG.run(TestNG.java:1115)
	at org.testng.remote.AbstractRemoteTestNG.run(AbstractRemoteTestNG.java:114)
	at org.testng.remote.RemoteTestNG.initAndRun(RemoteTestNG.java:251)
	at org.testng.remote.RemoteTestNG.main(RemoteTestNG.java:77)
]]>
            </full-stacktrace>
          </exception> <!-- java.lang.AssertionError -->
          <reporter-output>
          </reporter-output>
        </test-method> <!-- action -->
        <test-method status="PASS" signature="afterTest()[pri:0, instance:actions.Actions_spicejetTest@1bce4f0a]" name="afterTest" is-config="true" duration-ms="0" started-at="2017-11-30T17:00:56Z" finished-at="2017-11-30T17:00:56Z">
          <reporter-output>
          </reporter-output>
        </test-method> <!-- afterTest -->
      </class> <!-- actions.Actions_spicejetTest -->
    </test> <!-- Default test -->
  </suite> <!-- Default suite -->
</testng-results>
